[11:54:16] QR Code généré — scannez avec votre téléphone.
[11:54:16] Ou ouvrez http://localhost:3001/qr dans le navigateur.
[11:55:16] QR Code généré — scannez avec votre téléphone.
[11:55:16] Ou ouvrez http://localhost:3001/qr dans le navigateur.
[11:55:36] QR Code généré — scannez avec votre téléphone.
[11:55:36] Ou ouvrez http://localhost:3001/qr dans le navigateur.
[11:55:56] QR Code généré — scannez avec votre téléphone.
[11:55:56] Ou ouvrez http://localhost:3001/qr dans le navigateur.
[11:56:16] QR Code généré — scannez avec votre téléphone.
[11:56:16] Ou ouvrez http://localhost:3001/qr dans le navigateur.
[11:56:36] QR Code généré — scannez avec votre téléphone.
[11:56:36] Ou ouvrez http://localhost:3001/qr dans le navigateur.
[11:57:47] QR Code généré — scannez avec votre téléphone.
[11:57:47] Ou ouvrez http://localhost:3001/qr dans le navigateur.
[11:58:47] QR Code généré — scannez avec votre téléphone.
[11:58:47] Ou ouvrez http://localhost:3001/qr dans le navigateur.
[11:59:07] QR Code généré — scannez avec votre téléphone.
[11:59:07] Ou ouvrez http://localhost:3001/qr dans le navigateur.
[11:59:27] QR Code généré — scannez avec votre téléphone.
[11:59:27] Ou ouvrez http://localhost:3001/qr dans le navigateur.
[11:59:47] QR Code généré — scannez avec votre téléphone.
[11:59:47] Ou ouvrez http://localhost:3001/qr dans le navigateur.
[12:00:07] QR Code généré — scannez avec votre téléphone.
[12:00:07] Ou ouvrez http://localhost:3001/qr dans le navigateur.
[12:01:18] QR Code généré — scannez avec votre téléphone.
[12:01:18] Ou ouvrez http://localhost:3001/qr dans le navigateur.
[12:02:18] QR Code généré — scannez avec votre téléphone.
[12:02:18] Ou ouvrez http://localhost:3001/qr dans le navigateur.
[12:02:38] QR Code généré — scannez avec votre téléphone.
[12:02:38] Ou ouvrez http://localhost:3001/qr dans le navigateur.
[12:02:58] QR Code généré — scannez avec votre téléphone.
[12:02:58] Ou ouvrez http://localhost:3001/qr dans le navigateur.
[12:03:18] QR Code généré — scannez avec votre téléphone.
[12:03:18] Ou ouvrez http://localhost:3001/qr dans le navigateur.
[12:08:07] QR Code généré — scannez avec votre téléphone.
[12:08:07] Ou ouvrez http://localhost:3001/qr dans le navigateur.
[12:08:34] ✅ WhatsApp connecté et prêt.
[12:08:58] 📩 Message de Michel Spie: Ca marche👍
[12:10:56] ✅ WhatsApp connecté et prêt.
[12:20:10] ✅ WhatsApp connecté et prêt.
[12:22:50] ✅ WhatsApp connecté et prêt.
[12:25:30] ✅ WhatsApp connecté et prêt.
[12:29:47] ✅ WhatsApp connecté et prêt.
[12:35:09] ✅ WhatsApp connecté et prêt.
[13:27:50] 📩 Message de Laura: https://www.facebook.com/share/r/1AM72K8fnN/
[13:28:01] 📩 Message de Laura: La vie que je mérite 😊
[14:09:30] 📩 Message de Laura: Ca va comme tu veux ?
[14:24:15] 📩 Message de Laura: Ca va. Je bougerai pas tard pour aller a lh des parents. Et toi heures supp ou pas alors?
[14:25:26] 📩 Message de Laura: Ok dis moi quand tu décolles. Sois prudent. Bisous
[15:40:30] 📩 Message de AliExpress Orders: *La commande sera bientôt considérée comme complétée 🕙*

Bonjour Quentin Faber, Votre commande 3069597349538357 sera bientôt marquée comme complétée.

Appuyez sur https://s.click.aliexpress.com/e/_c3mE4dbD?dp=0f7388e3bddc4c8d88c454e47a090dc3 pour confirmer la réception ou demander de l'aide avant que votre commande ne soit marquée comme complétée. Merci !
[15:48:26] 📩 Message de AliExpress Orders: *La commande sera bientôt considérée comme complétée 🕙*

Bonjour Quentin Faber, Votre commande 3069597349458357 sera bientôt marquée comme complétée.

Appuyez sur https://s.click.aliexpress.com/e/_c3q7Rh31?dp=974780edd6be4c7c8c29d294fb55ca81 pour confirmer la réception ou demander de l'aide avant que votre commande ne soit marquée comme complétée. Merci !
[16:48:17] 📩 Message de Michel Spie: Parfait 😁
[17:37:57] 📩 Message de Fabien: Coucou ! J'espère que tu vas bien ainsi que toute la famille. Ta maman m'a dit que tu avais résolu un problème . Je pense au cloud images, sans doute. Quand penses-tu finaliser l'espace privée pour que je puisse mettre le reportage ? Bises
[20:03:33] ✅ WhatsApp connecté et prêt.
[20:03:34] 📩 Message de Fabien: Génial !
[20:12:04] ✅ WhatsApp connecté et prêt.
[20:25:01] ✅ WhatsApp connecté et prêt.
[20:29:27] ✅ WhatsApp connecté et prêt.
[20:33:51] ✅ WhatsApp connecté et prêt.
[20:37:20] ✅ WhatsApp connecté et prêt.
[20:43:27] ✅ WhatsApp connecté et prêt.
[20:45:58] ✅ WhatsApp connecté et prêt.
[20:50:30] ✅ WhatsApp connecté et prêt.
[20:54:22] ✅ WhatsApp connecté et prêt.
[20:57:47] ✅ WhatsApp connecté et prêt.
[21:07:42] ✅ WhatsApp connecté et prêt.
[21:11:07] ✅ WhatsApp connecté et prêt.
[21:39:36] ✅ WhatsApp connecté et prêt.
[21:47:26] ✅ WhatsApp connecté et prêt.
[21:56:16] ✅ WhatsApp connecté et prêt.
[22:06:54] ✅ WhatsApp connecté et prêt.
[22:10:02] ✅ WhatsApp connecté et prêt.
[22:33:37] ✅ WhatsApp connecté et prêt.
[22:38:41] ✅ WhatsApp connecté et prêt.
[22:47:17] ✅ WhatsApp connecté et prêt.
[23:09:25] ✅ WhatsApp connecté et prêt.
[23:16:03] ✅ WhatsApp connecté et prêt.
[23:18:18] ✅ WhatsApp connecté et prêt.
[23:23:12] ✅ WhatsApp connecté et prêt.
[23:31:06] ✅ WhatsApp connecté et prêt.
[23:32:40] ✅ WhatsApp connecté et prêt.
[23:35:01] ✅ WhatsApp connecté et prêt.
[23:37:26] ✅ WhatsApp connecté et prêt.
[23:40:29] ✅ WhatsApp connecté et prêt.
[20:53:36] ✅ WhatsApp connecté et prêt.
[21:07:58] ✅ WhatsApp connecté et prêt.
[21:36:50] ✅ WhatsApp connecté et prêt.
[21:39:08] ✅ WhatsApp connecté et prêt.
[21:41:15] ✅ WhatsApp connecté et prêt.
[21:45:46] ✅ WhatsApp connecté et prêt.
[21:49:12] ✅ WhatsApp connecté et prêt.
[21:53:13] ✅ WhatsApp connecté et prêt.
[22:05:00] ✅ WhatsApp connecté et prêt.
[22:11:14] ✅ WhatsApp connecté et prêt.
[22:14:35] ✅ WhatsApp connecté et prêt.
[22:19:24] ✅ WhatsApp connecté et prêt.
[22:23:10] ✅ WhatsApp connecté et prêt.
[22:35:09] ✅ WhatsApp connecté et prêt.
[22:46:55] ✅ WhatsApp connecté et prêt.
[22:51:42] ✅ WhatsApp connecté et prêt.
[22:57:26] ✅ WhatsApp connecté et prêt.
[23:05:07] ✅ WhatsApp connecté et prêt.
[23:12:24] ✅ WhatsApp connecté et prêt.
[23:16:35] ✅ WhatsApp connecté et prêt.
[23:23:04] ✅ WhatsApp connecté et prêt.
[23:25:25] ✅ WhatsApp connecté et prêt.
[23:27:48] ✅ WhatsApp connecté et prêt.
[23:37:58] ✅ WhatsApp connecté et prêt.
[23:43:46] ✅ WhatsApp connecté et prêt.
[23:47:16] ✅ WhatsApp connecté et prêt.
[23:50:09] ✅ WhatsApp connecté et prêt.
[23:54:20] ✅ WhatsApp connecté et prêt.
[23:57:54] ✅ WhatsApp connecté et prêt.
[00:01:00] ✅ WhatsApp connecté et prêt.
[00:08:48] ✅ WhatsApp connecté et prêt.
[00:12:55] ✅ WhatsApp connecté et prêt.
[00:16:28] ✅ WhatsApp connecté et prêt.
[00:20:07] ✅ WhatsApp connecté et prêt.
[00:24:47] ✅ WhatsApp connecté et prêt.
[00:34:19] ✅ WhatsApp connecté et prêt.
[00:43:24] ✅ WhatsApp connecté et prêt.
[00:46:17] ✅ WhatsApp connecté et prêt.
[00:48:10] ✅ WhatsApp connecté et prêt.
[00:55:50] ✅ WhatsApp connecté et prêt.
[12:56:28] ✅ WhatsApp connecté et prêt.
[13:00:42] 📩 Message de Fabien: Quand je publie un reportage, il faudrait que je puisse avoir au moins  2 choix. *Cas du reportage de SFP* I: Les fichiers sont téléchargeables en HD car c'est prévu dans leur contrat et donc je n'ai pas besoin de prix pour le faire. *Cas d'un autre reportage lambda:* là les fichiers ne sont pas téléchargeables, ils sont en version WEB appauvris (72dpi et 2000px) mais j'ai la possibilité de vendre leurs tirages, donc il me faut la grille de prix associée (Je vois que ce sont toujours les anciens prix, peut-être que tu n'as pas modifié le coefficient dans le tableau Excel).
[13:04:24] 📩 Message de Fabien: Les personnes qui ont le droit de voir le reportage sont celles a qui j'ai donné le code d'accès. Donc quand elles viennent télécharger, elle renseignent leur adresse mail (comme sur Jingoo). Mais quand je publie le reportage en tant qu'Admin, je n'ai pas besoin de leur adresse mail, sinon je suis bloqué
[13:09:54] 📩 Message de Fabien: 
[13:11:42] 📩 Message de Fabien: En résumé, ça l'air de tout bien marcher, mais ça bloque pour l'email du client. Dans le cas de sfpi, il m'est impossible d'obtenir les 270 adresses 😱😂
[13:13:59] 📩 Message de Fabien: Pour vérifier ensuite toute la chaine, il faudra que je me mette à la place du client, mais pour l'instant je ne peux pas !  Sinon dans le cas de uniquement télécharger les fichiers, là je n'ai pas appliqué les prix et ça n'a pas bloqué. C'est juste l'email client associé.
[13:49:52] 📩 Message de Fabien: Ok pour ça en attendant. Sinon tu aura le temps de mettre le nouveau tableau de tarifs. J'ai essayé avec le fichier Excel, mais visiblement ça ne doit pas être ça. Mais si tu es occupé, dis moi quand tu aura du temps.
[13:56:57] 📩 Message de Fabien: Non avec le coef 1,75  stp
[14:18:55] 📩 Message de Fabien: Oui c'est bon 😅
[14:23:32] 📩 Message de Fabien: Pour le reportage, j'ai réussi, mais quand tu l'essai en temps que client, ça bloque, car le mot de passe en fait devrait être le *code d'accès unique* que je renseigne lors de la création du reportage
[14:26:43] 📩 Message de Fabien: Code secret
[14:29:30] 📩 Message de Fabien: "télécharger vos photos" et pas "vos œuvres en haute définition". Car pour eux oui ce sera du HD, mais pour le festival Criou elles sont en basse définition
[14:30:30] 📩 Message de Fabien: Et puis ce ne sont pas leur oeuvres ! 😅 c'est mon boulot 😂
[14:34:47] 📩 Message de Fabien: Quand je reprends en tant que Admin le reportage, c'est normal que je ne vois pas les photos déjà téléchargées ? Il y en a 10 pour l'essai
[14:34:53] 📩 Message de Fabien: 
[14:46:53] 📩 Message de Fabien: Je n'arrive pas à me connecté et je ne sais pas d'où ça vient ?
[14:47:31] 📩 Message de Fabien: SFPI20260112
[14:48:22] 📩 Message de Fabien: Je pense que c'est à cause du "client associé", j'ai du tout mélanger.
[14:50:55] 📩 Message de Fabien: oui en cliquand ici et il me la confirmé
[14:52:27] 📩 Message de Fabien: OK ! 😱 mais j'avais pas la notice chef 😂
[14:54:08] 📩 Message de Fabien: Tu peux voir aussi de supprimer le "client associé", car pour un admin, ç'est pas la peine
[14:54:51] 📩 Message de Fabien: 👍
[14:59:50] 📩 Message de Fabien: 
[15:01:05] 📩 Message de Fabien: J'ai ce problème et les autres, les miniatures que j'ai mis par erreur impossible de les supprimer !
[15:01:56] 📩 Message de Fabien: ok, voilà l'extrait de la console
[15:06:01] 📩 Message de Fabien: ??
[15:06:42] 📩 Message de Fabien: Ah ok
[15:07:36] 📩 Message de Fabien: Idem !
[15:08:15] 📩 Message de Fabien: On voit ça à ton retour
[15:40:28] 📩 Message de AliExpress Orders: *La commande sera bientôt considérée comme complétée 🕙*

Bonjour Quentin Faber, Votre commande 3069597349518357 sera bientôt marquée comme complétée.

Appuyez sur https://s.click.aliexpress.com/e/_c3qBR195?dp=3b04697707c4456e8cbfe1f2f0d3d646 pour confirmer la réception ou demander de l'aide avant que votre commande ne soit marquée comme complétée. Merci !
[15:40:31] 📩 Message de AliExpress Orders: *La commande sera bientôt considérée comme complétée 🕙*

Bonjour Quentin Faber, Votre commande 3069597349498357 sera bientôt marquée comme complétée.

Appuyez sur https://s.click.aliexpress.com/e/_c3uSrgm7?dp=d487d3956c9e479fa175e6b6eb0dfbad pour confirmer la réception ou demander de l'aide avant que votre commande ne soit marquée comme complétée. Merci !
[15:53:46] 📩 Message de Fabien: Ben ils sont comme tous les autres, ils te font croire que c'est gratuit, mais avec des conditions. Je veux bien payer, mais il faut être sûr
[15:55:29] 📩 Message de Fabien: Oui il faut que l'on avance et que l'on aboutisse aussi bien pour toi que pour moi
[15:55:59] 📩 Message de Fabien: En ce bas monde, le gratuit n'existe plus
[16:31:46] 📩 Message de SAP Bacar: Comment vas tu mec ?
[16:33:22] 📩 Message de SAP Bacar: Ça va doucement hein j’ai repris le boulot depuis le 16 février c’est intense mdr 😂
[16:33:24] 📩 Message de SAP Bacar: Et toi ??
[17:14:46] 📩 Message de SAP Bacar: 
[17:16:26] 📩 Message de 8619106738262@c.us: 
[20:18:52] ✅ WhatsApp connecté et prêt.
[21:46:46] ✅ WhatsApp connecté et prêt.
[22:00:54] ✅ WhatsApp connecté et prêt.
[22:37:42] ✅ WhatsApp connecté et prêt.
[22:55:37] ✅ WhatsApp connecté et prêt.
[23:08:21] ✅ WhatsApp connecté et prêt.
[23:10:58] ✅ WhatsApp connecté et prêt.
[06:02:41] 📩 Message de Laura: Bonjour. J'espère que tu as bien dormi. Tu dormais bien alors j'ai pas osé te réveiller pour tes ronflement j'ai préféré bouger.😉 dis moi quand tu es bien arrivé avec ce temps stp...
Bisous
[07:53:52] ✅ WhatsApp connecté et prêt.
[07:53:52] 📩 Message de Laura: Ca va mieux toi?
[07:53:52] 📩 Message de Laura: Un petit ca va ça...
[07:53:52] 📩 Message de Laura: Dac. Je v voir si je me sens t'inquiètes. Bon courage pour aujourd'hui. Bisous
[08:29:13] 📩 Message de Laura: La météo a changée il va pleuvoir mais moins fort que prévu apparemment sauf a partir de 20h
[10:50:35] ✅ WhatsApp connecté et prêt.
[10:50:35] 📩 Message de Laura: 
[10:50:35] 📩 Message de Laura: Il fait nuit.. 😅
[10:50:35] 📩 Message de Laura: 
[10:50:35] 📩 Message de Laura: 
[10:50:35] 📩 Message de Laura: 
[10:50:35] 📩 Message de Laura: 
[10:50:35] 📩 Message de Laura: Et de 2
[10:50:36] 📩 Message de Laura: J'espère 😅🤣
[10:59:45] ✅ WhatsApp connecté et prêt.
[11:02:10] ✅ WhatsApp connecté et prêt.
[11:04:59] 📩 Message de Laura: Oui j'ai fini là je mange et je me pose. Bon appétit a toi aussi
[11:06:38] ✅ WhatsApp connecté et prêt.
[11:12:09] ✅ WhatsApp connecté et prêt.
[11:13:55] ✅ WhatsApp connecté et prêt.
[11:28:40] ✅ WhatsApp connecté et prêt.
[11:34:20] ✅ WhatsApp connecté et prêt.
[11:44:29] ✅ WhatsApp connecté et prêt.
[11:46:27] ✅ WhatsApp connecté et prêt.
[11:55:49] ✅ WhatsApp connecté et prêt.
[12:01:49] ✅ WhatsApp connecté et prêt.
[12:06:08] ✅ WhatsApp connecté et prêt.
[12:09:59] ✅ WhatsApp connecté et prêt.
[12:13:24] ✅ WhatsApp connecté et prêt.
[13:32:43] 📩 Message de Laura: T'avais pris en photo les cotes de la cuisine quand tu les avais prises?
[13:39:34] 📩 Message de 85113719242814@lid: 
[13:40:14] 📩 Message de Caroline: Bonjour, oui, à tout à l’heure
[13:55:26] ✅ WhatsApp connecté et prêt.
[13:57:52] ✅ WhatsApp connecté et prêt.
[14:00:16] 📩 Message de Laura: Oui je veux bien si tu es ok
[14:03:04] ✅ WhatsApp connecté et prêt.
[14:04:16] ✅ WhatsApp connecté et prêt.
[14:05:44] ✅ WhatsApp connecté et prêt.
[14:07:44] ✅ WhatsApp connecté et prêt.
[14:19:07] 📩 Message de Laura: T'es au max?
[14:20:27] 📩 Message de Laura: Ok c'était juste une question
[16:54:58] 📩 Message de France Laura: Comment on fait pour connecter le téléphone  sur la tablette car pas de wifi ici?
[18:36:51] 📩 Message de France Laura: Merci et bonne soirée 😘
[18:59:12] 📩 Message de AliExpress Orders: *Votre colis a été dédouané*

Votre colis P5001823334213800 a été dédouané. 

Appuyez sur https://s.click.aliexpress.com/e/_c3ng2SyJ?dp=e41df35917f044ab97e4ea4ed2ba2172 pour suivre le statut de la livraison.
[20:15:57] 📩 Message de 8619106738262@c.us: 
[22:15:12] ✅ WhatsApp connecté et prêt.
[22:16:48] ✅ WhatsApp connecté et prêt.
[22:18:01] ✅ WhatsApp connecté et prêt.
[22:38:23] ✅ WhatsApp connecté et prêt.
[22:45:04] ✅ WhatsApp connecté et prêt.
[22:52:24] ✅ WhatsApp connecté et prêt.
